Using pre-set license
Built from '2022.3/china_unity/release' branch; Version is '2022.3.11f1c1 (0fc8cbb22359) revision 1034443'; Using compiler version '192829333'; Build Type 'Release'
OS: 'Windows 11  (10.0.22621) 64bit CoreCountrySpecific' Language: 'zh' Physical Memory: 16147 MB
BatchMode: 1, IsHumanControllingUs: 0, StartBugReporterOnCrash: 0, Is64bit: 1, IsPro: 1

COMMAND LINE ARGUMENTS:
D:\unity\2022.3.11f1c1\Editor\Unity.exe
-adb2
-batchMode
-noUpm
-name
AssetImportWorker1
-projectPath
D:/GitHub/ggg/Demo/unity-tower-defense
-logFile
Logs/AssetImportWorker1.log
-srvPort
51218
Successfully changed project path to: D:/GitHub/ggg/Demo/unity-tower-defense
D:/GitHub/ggg/Demo/unity-tower-defense
[UnityMemory] Configuration Parameters - Can be set up in boot.config
    "memorysetup-bucket-allocator-granularity=16"
    "memorysetup-bucket-allocator-bucket-count=8"
    "memorysetup-bucket-allocator-block-size=33554432"
    "memorysetup-bucket-allocator-block-count=8"
    "memorysetup-main-allocator-block-size=16777216"
    "memorysetup-thread-allocator-block-size=16777216"
    "memorysetup-gfx-main-allocator-block-size=16777216"
    "memorysetup-gfx-thread-allocator-block-size=16777216"
    "memorysetup-cache-allocator-block-size=4194304"
    "memorysetup-typetree-allocator-block-size=2097152"
    "memorysetup-profiler-bucket-allocator-granularity=16"
    "memorysetup-profiler-bucket-allocator-bucket-count=8"
    "memorysetup-profiler-bucket-allocator-block-size=33554432"
    "memorysetup-profiler-bucket-allocator-block-count=8"
    "memorysetup-profiler-allocator-block-size=16777216"
    "memorysetup-profiler-editor-allocator-block-size=1048576"
    "memorysetup-temp-allocator-size-main=16777216"
    "memorysetup-job-temp-allocator-block-size=2097152"
    "memorysetup-job-temp-allocator-block-size-background=1048576"
    "memorysetup-job-temp-allocator-reduction-small-platforms=262144"
    "memorysetup-allocator-temp-initial-block-size-main=262144"
    "memorysetup-allocator-temp-initial-block-size-worker=262144"
    "memorysetup-temp-allocator-size-background-worker=32768"
    "memorysetup-temp-allocator-size-job-worker=262144"
    "memorysetup-temp-allocator-size-preload-manager=33554432"
    "memorysetup-temp-allocator-size-nav-mesh-worker=65536"
    "memorysetup-temp-allocator-size-audio-worker=65536"
    "memorysetup-temp-allocator-size-cloud-worker=32768"
    "memorysetup-temp-allocator-size-gi-baking-worker=262144"
    "memorysetup-temp-allocator-size-gfx=262144"
Player connection [12996] Host "[IP] 172.16.208.92 [Port] 0 [Flags] 2 [Guid] 704203513 [EditorId] 704203513 [Version] 1048832 [Id] WindowsEditor(7,gcd) [Debug] 1 [PackageName] WindowsEditor [ProjectName] Editor" joined multi-casting on [225.0.0.222:54997]...

Player connection [12996] Host "[IP] 172.16.208.92 [Port] 0 [Flags] 2 [Guid] 704203513 [EditorId] 704203513 [Version] 1048832 [Id] WindowsEditor(7,gcd) [Debug] 1 [PackageName] WindowsEditor [ProjectName] Editor" joined alternative multi-casting on [225.0.0.222:34997]...

[Physics::Module] Initialized MultithreadedJobDispatcher with 7 workers.
Refreshing native plugins compatible for Editor in 96.18 ms, found 7 plugins.
Preloading 0 native plugins for Editor in 0.00 ms.
Initialize engine version: 2022.3.11f1c1 (0fc8cbb22359)
[Subsystems] Discovering subsystems at path D:/unity/2022.3.11f1c1/Editor/Data/Resources/UnitySubsystems
[Subsystems] Discovering subsystems at path D:/GitHub/ggg/Demo/unity-tower-defense/Assets
GfxDevice: creating device client; threaded=0; jobified=0
Direct3D:
    Version:  Direct3D 11.0 [level 11.1]
    Renderer: NVIDIA GeForce MX330 (ID=0x1d16)
    Vendor:   NVIDIA
    VRAM:     1982 MB
    Driver:   31.0.15.3209
Initialize mono
Mono path[0] = 'D:/unity/2022.3.11f1c1/Editor/Data/Managed'
Mono path[1] = 'D:/unity/2022.3.11f1c1/Editor/Data/MonoBleedingEdge/lib/mono/unityjit-win32'
Mono config path = 'D:/unity/2022.3.11f1c1/Editor/Data/MonoBleedingEdge/etc'
Using monoOptions --debugger-agent=transport=dt_socket,embedding=1,server=y,suspend=n,address=127.0.0.1:56024
Begin MonoManager ReloadAssembly
Registering precompiled unity dll's ...
Register platform support module: D:/unity/2022.3.11f1c1/Editor/Data/PlaybackEngines/WebGLSupport/UnityEditor.WebGL.Extensions.dll
Register platform support module: D:/unity/2022.3.11f1c1/Editor/Data/PlaybackEngines/AndroidPlayer/UnityEditor.Android.Extensions.dll
Register platform support module: D:/unity/2022.3.11f1c1/Editor/Data/PlaybackEngines/WindowsStandaloneSupport/UnityEditor.WindowsStandalone.Extensions.dll
Registered in 0.041372 seconds.
- Loaded All Assemblies, in  1.212 seconds
Native extension for WindowsStandalone target not found
Native extension for Android target not found
Android Extension - Scanning For ADB Devices 866 ms
Native extension for WebGL target not found
Mono: successfully reloaded assembly
- Finished resetting the current domain, in  1.846 seconds
Domain Reload Profiling: 3041ms
	BeginReloadAssembly (389ms)
		ExecutionOrderSort (0ms)
		DisableScriptedObjects (0ms)
		BackupInstance (0ms)
		ReleaseScriptingObjects (1ms)
		CreateAndSetChildDomain (2ms)
	RebuildCommonClasses (101ms)
	RebuildNativeTypeToScriptingClass (30ms)
	initialDomainReloadingComplete (226ms)
	LoadAllAssembliesAndSetupDomain (447ms)
		LoadAssemblies (374ms)
		RebuildTransferFunctionScriptingTraits (0ms)
		AnalyzeDomain (438ms)
			TypeCache.Refresh (434ms)
				TypeCache.ScanAssembly (399ms)
			ScanForSourceGeneratedMonoScriptInfo (1ms)
			ResolveRequiredComponents (1ms)
	FinalizeReload (1848ms)
		ReleaseScriptCaches (0ms)
		RebuildScriptCaches (0ms)
		SetupLoadedEditorAssemblies (1680ms)
			LogAssemblyErrors (0ms)
			InitializePlatformSupportModulesInManaged (1202ms)
			SetLoadedEditorAssemblies (12ms)
			RefreshPlugins (0ms)
			BeforeProcessingInitializeOnLoad (8ms)
			ProcessInitializeOnLoadAttributes (291ms)
			ProcessInitializeOnLoadMethodAttributes (166ms)
			AfterProcessingInitializeOnLoad (0ms)
			EditorAssembliesLoaded (0ms)
		ExecutionOrderSort2 (0ms)
		AwakeInstancesAfterBackupRestoration (0ms)
========================================================================
Worker process is ready to serve import requests
Begin MonoManager ReloadAssembly
- Loaded All Assemblies, in  2.551 seconds
Refreshing native plugins compatible for Editor in 41.11 ms, found 7 plugins.
Native extension for WindowsStandalone target not found
Native extension for Android target not found
Native extension for WebGL target not found
Package Manager log level set to [2]
[Package Manager] Server::EnsureServerProcessIsRunning -- launch failed, reason: Unity was launched with the -noUpm command-line argument
[Package Manager] UpmClient::Send -- Unable to send message (not connected to UPM process).
[Package Manager] Cannot connect to Unity Package Manager local server
Mono: successfully reloaded assembly
- Finished resetting the current domain, in  2.939 seconds
Domain Reload Profiling: 5452ms
	BeginReloadAssembly (620ms)
		ExecutionOrderSort (0ms)
		DisableScriptedObjects (17ms)
		BackupInstance (0ms)
		ReleaseScriptingObjects (1ms)
		CreateAndSetChildDomain (63ms)
	RebuildCommonClasses (112ms)
	RebuildNativeTypeToScriptingClass (37ms)
	initialDomainReloadingComplete (173ms)
	LoadAllAssembliesAndSetupDomain (1569ms)
		LoadAssemblies (1343ms)
		RebuildTransferFunctionScriptingTraits (0ms)
		AnalyzeDomain (636ms)
			TypeCache.Refresh (552ms)
				TypeCache.ScanAssembly (497ms)
			ScanForSourceGeneratedMonoScriptInfo (68ms)
			ResolveRequiredComponents (13ms)
	FinalizeReload (2941ms)
		ReleaseScriptCaches (0ms)
		RebuildScriptCaches (0ms)
		SetupLoadedEditorAssemblies (2368ms)
			LogAssemblyErrors (0ms)
			InitializePlatformSupportModulesInManaged (103ms)
			SetLoadedEditorAssemblies (17ms)
			RefreshPlugins (0ms)
			BeforeProcessingInitializeOnLoad (379ms)
			ProcessInitializeOnLoadAttributes (1701ms)
			ProcessInitializeOnLoadMethodAttributes (121ms)
			AfterProcessingInitializeOnLoad (46ms)
			EditorAssembliesLoaded (1ms)
		ExecutionOrderSort2 (0ms)
		AwakeInstancesAfterBackupRestoration (30ms)
Launched and connected shader compiler UnityShaderCompiler.exe after 0.15 seconds
Refreshing native plugins compatible for Editor in 45.14 ms, found 7 plugins.
Preloading 0 native plugins for Editor in 0.00 ms.
Unloading 4211 Unused Serialized files (Serialized files now loaded: 0)
Unloading 70 unused Assets / (64.6 KB). Loaded Objects now: 4669.
Memory consumption went from 157.7 MB to 157.6 MB.
Total: 7.460200 ms (FindLiveObjects: 0.658800 ms CreateObjectMapping: 0.507100 ms MarkObjects: 6.056300 ms  DeleteObjects: 0.235700 ms)

AssetImportParameters requested are different than current active one (requested -> active):
  custom:container-demuxer-ogg: 62fdf1f143b41e24485cea50d1cbac27 -> 
  custom:video-decoder-ogg-theora: a1e56fd34408186e4bbccfd4996cb3dc -> 
  custom:framework-win-MediaFoundation: 216162199b28c13a410421893ffa2e32 -> 
  custom:container-demuxer-webm: 4f35f7cbe854078d1ac9338744f61a02 -> 
  custom:container-muxer-webm: aa71ff27fc2769a1b78a27578f13a17b -> 
  custom:video-decoder-webm-vp8: 9c59270c3fd7afecdb556c50c9e8de78 -> 
  custom:AudioImporter_EditorPlatform: d09bf68614088b80899f8185d706f6e7 -> 
  custom:video-encoder-webm-vp8: eb34c28f22e8b96e1ab97ce403110664 -> 
  custom:audio-decoder-ogg-vorbis: bf7c407c2cedff20999df2af8eb42d56 -> 
  custom:audio-encoder-webm-vorbis: bf7c407c2cedff20999df2af8eb42d56 -> 
========================================================================
Received Import Request.
  Time since last request: 20989.859887 seconds.
  path: Assets/PlayAreaBG.png
  artifactKey: Guid(04965f811bdfd0b4397f6dd54e1f8c0e) Importer(815301076,1909f56bfc062723c751e8b465ee728b)
Start importing Assets/PlayAreaBG.png using Guid(04965f811bdfd0b4397f6dd54e1f8c0e) Importer(815301076,1909f56bfc062723c751e8b465ee728b)  -> (artifact id: '9f08256766de408665e2feedcf0c11b1') in 0.213620 seconds
Number of updated asset objects reloaded before import = 0
Number of asset objects unloaded after import = 3
========================================================================
Received Import Request.
  Time since last request: 0.000063 seconds.
  path: Assets/Cactus.prefab
  artifactKey: Guid(5fe8b9b816008e44a80dcaea1b1cf4f2) Importer(815301076,1909f56bfc062723c751e8b465ee728b)
Start importing Assets/Cactus.prefab using Guid(5fe8b9b816008e44a80dcaea1b1cf4f2) Importer(815301076,1909f56bfc062723c751e8b465ee728b)  -> (artifact id: '0cbc326e19108cbcf02b5fd08128a25d') in 0.319196 seconds
Number of updated asset objects reloaded before import = 0
Number of asset objects unloaded after import = 152
========================================================================
Received Import Request.
  Time since last request: 0.000066 seconds.
  path: Assets/MainCamera.prefab
  artifactKey: Guid(c2c13b48447bf814585628e2a955e865) Importer(815301076,1909f56bfc062723c751e8b465ee728b)
Start importing Assets/MainCamera.prefab using Guid(c2c13b48447bf814585628e2a955e865) Importer(815301076,1909f56bfc062723c751e8b465ee728b)  -> (artifact id: 'e47033585ed12348a240478f4308453c') in 0.010751 seconds
Number of updated asset objects reloaded before import = 0
Number of asset objects unloaded after import = 6
========================================================================
Received Import Request.
  Time since last request: 0.000177 seconds.
  path: Assets/Songbox.prefab
  artifactKey: Guid(c4c33f9b1f008e7469eb8f8a7c9a0e8a) Importer(815301076,1909f56bfc062723c751e8b465ee728b)
Start importing Assets/Songbox.prefab using Guid(c4c33f9b1f008e7469eb8f8a7c9a0e8a) Importer(815301076,1909f56bfc062723c751e8b465ee728b)  -> (artifact id: 'c8fc2bd1285facb9dd9f34433bc7e623') in 0.005480 seconds
Number of updated asset objects reloaded before import = 0
Number of asset objects unloaded after import = 6
========================================================================
Received Import Request.
  Time since last request: 0.000072 seconds.
  path: Assets/Axe.prefab
  artifactKey: Guid(03a38fe73d56a6e408c9fb798d656bd6) Importer(815301076,1909f56bfc062723c751e8b465ee728b)
Start importing Assets/Axe.prefab using Guid(03a38fe73d56a6e408c9fb798d656bd6) Importer(815301076,1909f56bfc062723c751e8b465ee728b)  -> (artifact id: 'bb11a6955700f1cbbd53796d73daa750') in 0.030588 seconds
Number of updated asset objects reloaded before import = 0
Number of asset objects unloaded after import = 16
========================================================================
Received Import Request.
  Time since last request: 0.000038 seconds.
  path: Assets/Trophy.prefab
  artifactKey: Guid(7543f2b9a0188d3459dc8e986d3cfe47) Importer(815301076,1909f56bfc062723c751e8b465ee728b)
Start importing Assets/Trophy.prefab using Guid(7543f2b9a0188d3459dc8e986d3cfe47) Importer(815301076,1909f56bfc062723c751e8b465ee728b)  -> (artifact id: 'fcf7fc9da32d6c5bdd1c9966c5f9c963') in 0.043379 seconds
Number of updated asset objects reloaded before import = 0
Number of asset objects unloaded after import = 26
========================================================================
Received Import Request.
  Time since last request: 0.000035 seconds.
  path: Assets/Deadzone.prefab
  artifactKey: Guid(617e041074e4e0a43b5f67d4bfbabd54) Importer(815301076,1909f56bfc062723c751e8b465ee728b)
Start importing Assets/Deadzone.prefab using Guid(617e041074e4e0a43b5f67d4bfbabd54) Importer(815301076,1909f56bfc062723c751e8b465ee728b)  -> (artifact id: '06aadd977f6ab91c812e0f94ec1303da') in 0.006422 seconds
Number of updated asset objects reloaded before import = 0
Number of asset objects unloaded after import = 6
========================================================================
Received Import Request.
  Time since last request: 0.000035 seconds.
  path: Assets/Buttons.prefab
  artifactKey: Guid(5a78ecd64a0ce5340b86f4f649583fa3) Importer(815301076,1909f56bfc062723c751e8b465ee728b)
Start importing Assets/Buttons.prefab using Guid(5a78ecd64a0ce5340b86f4f649583fa3) Importer(815301076,1909f56bfc062723c751e8b465ee728b)  -> (artifact id: 'd09ffebb96a9e4363d01c6c39490e4ca') in 0.884648 seconds
Number of updated asset objects reloaded before import = 0
Number of asset objects unloaded after import = 310
