Using pre-set license
Built from '2022.3/china_unity/release' branch; Version is '2022.3.11f1c1 (0fc8cbb22359) revision 1034443'; Using compiler version '192829333'; Build Type 'Release'
OS: 'Windows 11  (10.0.22621) 64bit CoreCountrySpecific' Language: 'zh' Physical Memory: 16147 MB
BatchMode: 1, IsHumanControllingUs: 0, StartBugReporterOnCrash: 0, Is64bit: 1, IsPro: 1

COMMAND LINE ARGUMENTS:
D:\unity\2022.3.11f1c1\Editor\Unity.exe
-adb2
-batchMode
-noUpm
-name
AssetImportWorker1
-projectPath
D:/GitHub/ggg/Demo/unity-tower-defense
-logFile
Logs/AssetImportWorker1.log
-srvPort
51753
Successfully changed project path to: D:/GitHub/ggg/Demo/unity-tower-defense
D:/GitHub/ggg/Demo/unity-tower-defense
[UnityMemory] Configuration Parameters - Can be set up in boot.config
    "memorysetup-bucket-allocator-granularity=16"
    "memorysetup-bucket-allocator-bucket-count=8"
    "memorysetup-bucket-allocator-block-size=33554432"
    "memorysetup-bucket-allocator-block-count=8"
    "memorysetup-main-allocator-block-size=16777216"
    "memorysetup-thread-allocator-block-size=16777216"
    "memorysetup-gfx-main-allocator-block-size=16777216"
    "memorysetup-gfx-thread-allocator-block-size=16777216"
    "memorysetup-cache-allocator-block-size=4194304"
    "memorysetup-typetree-allocator-block-size=2097152"
    "memorysetup-profiler-bucket-allocator-granularity=16"
    "memorysetup-profiler-bucket-allocator-bucket-count=8"
    "memorysetup-profiler-bucket-allocator-block-size=33554432"
    "memorysetup-profiler-bucket-allocator-block-count=8"
    "memorysetup-profiler-allocator-block-size=16777216"
    "memorysetup-profiler-editor-allocator-block-size=1048576"
    "memorysetup-temp-allocator-size-main=16777216"
    "memorysetup-job-temp-allocator-block-size=2097152"
    "memorysetup-job-temp-allocator-block-size-background=1048576"
    "memorysetup-job-temp-allocator-reduction-small-platforms=262144"
    "memorysetup-allocator-temp-initial-block-size-main=262144"
    "memorysetup-allocator-temp-initial-block-size-worker=262144"
    "memorysetup-temp-allocator-size-background-worker=32768"
    "memorysetup-temp-allocator-size-job-worker=262144"
    "memorysetup-temp-allocator-size-preload-manager=33554432"
    "memorysetup-temp-allocator-size-nav-mesh-worker=65536"
    "memorysetup-temp-allocator-size-audio-worker=65536"
    "memorysetup-temp-allocator-size-cloud-worker=32768"
    "memorysetup-temp-allocator-size-gi-baking-worker=262144"
    "memorysetup-temp-allocator-size-gfx=262144"
Player connection [2104] Host "[IP] 172.16.208.92 [Port] 0 [Flags] 2 [Guid] 1481135789 [EditorId] 1481135789 [Version] 1048832 [Id] WindowsEditor(7,gcd) [Debug] 1 [PackageName] WindowsEditor [ProjectName] Editor" joined multi-casting on [225.0.0.222:54997]...

Player connection [2104] Host "[IP] 172.16.208.92 [Port] 0 [Flags] 2 [Guid] 1481135789 [EditorId] 1481135789 [Version] 1048832 [Id] WindowsEditor(7,gcd) [Debug] 1 [PackageName] WindowsEditor [ProjectName] Editor" joined alternative multi-casting on [225.0.0.222:34997]...

[Physics::Module] Initialized MultithreadedJobDispatcher with 7 workers.
Refreshing native plugins compatible for Editor in 119.11 ms, found 7 plugins.
Preloading 0 native plugins for Editor in 0.00 ms.
Initialize engine version: 2022.3.11f1c1 (0fc8cbb22359)
[Subsystems] Discovering subsystems at path D:/unity/2022.3.11f1c1/Editor/Data/Resources/UnitySubsystems
[Subsystems] Discovering subsystems at path D:/GitHub/ggg/Demo/unity-tower-defense/Assets
GfxDevice: creating device client; threaded=0; jobified=0
Direct3D:
    Version:  Direct3D 11.0 [level 11.1]
    Renderer: NVIDIA GeForce MX330 (ID=0x1d16)
    Vendor:   NVIDIA
    VRAM:     1982 MB
    Driver:   31.0.15.3209
Initialize mono
Mono path[0] = 'D:/unity/2022.3.11f1c1/Editor/Data/Managed'
Mono path[1] = 'D:/unity/2022.3.11f1c1/Editor/Data/MonoBleedingEdge/lib/mono/unityjit-win32'
Mono config path = 'D:/unity/2022.3.11f1c1/Editor/Data/MonoBleedingEdge/etc'
Using monoOptions --debugger-agent=transport=dt_socket,embedding=1,server=y,suspend=n,address=127.0.0.1:56348
Begin MonoManager ReloadAssembly
Registering precompiled unity dll's ...
Register platform support module: D:/unity/2022.3.11f1c1/Editor/Data/PlaybackEngines/WebGLSupport/UnityEditor.WebGL.Extensions.dll
Register platform support module: D:/unity/2022.3.11f1c1/Editor/Data/PlaybackEngines/AndroidPlayer/UnityEditor.Android.Extensions.dll
Register platform support module: D:/unity/2022.3.11f1c1/Editor/Data/PlaybackEngines/WindowsStandaloneSupport/UnityEditor.WindowsStandalone.Extensions.dll
Registered in 0.052827 seconds.
- Loaded All Assemblies, in  1.500 seconds
Native extension for WindowsStandalone target not found
Native extension for Android target not found
Android Extension - Scanning For ADB Devices 995 ms
Native extension for WebGL target not found
Mono: successfully reloaded assembly
- Finished resetting the current domain, in  2.212 seconds
Domain Reload Profiling: 3691ms
	BeginReloadAssembly (381ms)
		ExecutionOrderSort (0ms)
		DisableScriptedObjects (0ms)
		BackupInstance (0ms)
		ReleaseScriptingObjects (0ms)
		CreateAndSetChildDomain (2ms)
	RebuildCommonClasses (96ms)
	RebuildNativeTypeToScriptingClass (33ms)
	initialDomainReloadingComplete (286ms)
	LoadAllAssembliesAndSetupDomain (682ms)
		LoadAssemblies (377ms)
		RebuildTransferFunctionScriptingTraits (0ms)
		AnalyzeDomain (668ms)
			TypeCache.Refresh (664ms)
				TypeCache.ScanAssembly (613ms)
			ScanForSourceGeneratedMonoScriptInfo (1ms)
			ResolveRequiredComponents (2ms)
	FinalizeReload (2213ms)
		ReleaseScriptCaches (0ms)
		RebuildScriptCaches (0ms)
		SetupLoadedEditorAssemblies (1999ms)
			LogAssemblyErrors (0ms)
			InitializePlatformSupportModulesInManaged (1424ms)
			SetLoadedEditorAssemblies (14ms)
			RefreshPlugins (0ms)
			BeforeProcessingInitializeOnLoad (8ms)
			ProcessInitializeOnLoadAttributes (380ms)
			ProcessInitializeOnLoadMethodAttributes (173ms)
			AfterProcessingInitializeOnLoad (0ms)
			EditorAssembliesLoaded (0ms)
		ExecutionOrderSort2 (0ms)
		AwakeInstancesAfterBackupRestoration (0ms)
========================================================================
Worker process is ready to serve import requests
Begin MonoManager ReloadAssembly
- Loaded All Assemblies, in  2.326 seconds
Refreshing native plugins compatible for Editor in 39.55 ms, found 7 plugins.
Native extension for WindowsStandalone target not found
Native extension for Android target not found
Native extension for WebGL target not found
Package Manager log level set to [2]
[Package Manager] Server::EnsureServerProcessIsRunning -- launch failed, reason: Unity was launched with the -noUpm command-line argument
[Package Manager] UpmClient::Send -- Unable to send message (not connected to UPM process).
[Package Manager] Cannot connect to Unity Package Manager local server
Mono: successfully reloaded assembly
- Finished resetting the current domain, in  2.701 seconds
Domain Reload Profiling: 5000ms
	BeginReloadAssembly (425ms)
		ExecutionOrderSort (0ms)
		DisableScriptedObjects (16ms)
		BackupInstance (0ms)
		ReleaseScriptingObjects (0ms)
		CreateAndSetChildDomain (49ms)
	RebuildCommonClasses (89ms)
	RebuildNativeTypeToScriptingClass (29ms)
	initialDomainReloadingComplete (158ms)
	LoadAllAssembliesAndSetupDomain (1596ms)
		LoadAssemblies (1145ms)
		RebuildTransferFunctionScriptingTraits (0ms)
		AnalyzeDomain (717ms)
			TypeCache.Refresh (552ms)
				TypeCache.ScanAssembly (489ms)
			ScanForSourceGeneratedMonoScriptInfo (91ms)
			ResolveRequiredComponents (70ms)
	FinalizeReload (2702ms)
		ReleaseScriptCaches (0ms)
		RebuildScriptCaches (0ms)
		SetupLoadedEditorAssemblies (2159ms)
			LogAssemblyErrors (0ms)
			InitializePlatformSupportModulesInManaged (116ms)
			SetLoadedEditorAssemblies (11ms)
			RefreshPlugins (0ms)
			BeforeProcessingInitializeOnLoad (327ms)
			ProcessInitializeOnLoadAttributes (1529ms)
			ProcessInitializeOnLoadMethodAttributes (127ms)
			AfterProcessingInitializeOnLoad (48ms)
			EditorAssembliesLoaded (1ms)
		ExecutionOrderSort2 (0ms)
		AwakeInstancesAfterBackupRestoration (26ms)
Launched and connected shader compiler UnityShaderCompiler.exe after 0.17 seconds
Refreshing native plugins compatible for Editor in 39.30 ms, found 7 plugins.
Preloading 0 native plugins for Editor in 0.00 ms.
Unloading 4211 Unused Serialized files (Serialized files now loaded: 0)
Unloading 70 unused Assets / (64.1 KB). Loaded Objects now: 4670.
Memory consumption went from 157.6 MB to 157.6 MB.
Total: 8.550200 ms (FindLiveObjects: 0.520900 ms CreateObjectMapping: 0.405100 ms MarkObjects: 7.321300 ms  DeleteObjects: 0.300300 ms)

AssetImportParameters requested are different than current active one (requested -> active):
  custom:container-demuxer-ogg: 62fdf1f143b41e24485cea50d1cbac27 -> 
  custom:video-decoder-ogg-theora: a1e56fd34408186e4bbccfd4996cb3dc -> 
  custom:framework-win-MediaFoundation: 216162199b28c13a410421893ffa2e32 -> 
  custom:container-demuxer-webm: 4f35f7cbe854078d1ac9338744f61a02 -> 
  custom:container-muxer-webm: aa71ff27fc2769a1b78a27578f13a17b -> 
  custom:video-decoder-webm-vp8: 9c59270c3fd7afecdb556c50c9e8de78 -> 
  custom:AudioImporter_EditorPlatform: d09bf68614088b80899f8185d706f6e7 -> 
  custom:video-encoder-webm-vp8: eb34c28f22e8b96e1ab97ce403110664 -> 
  custom:audio-decoder-ogg-vorbis: bf7c407c2cedff20999df2af8eb42d56 -> 
  custom:audio-encoder-webm-vorbis: bf7c407c2cedff20999df2af8eb42d56 -> 
========================================================================
Received Prepare
Begin MonoManager ReloadAssembly
- Loaded All Assemblies, in  2.277 seconds
Refreshing native plugins compatible for Editor in 35.71 ms, found 7 plugins.
Native extension for WindowsStandalone target not found
Native extension for Android target not found
Native extension for WebGL target not found
[Package Manager] Server::EnsureServerProcessIsRunning -- launch failed, reason: Unity was launched with the -noUpm command-line argument
[Package Manager] UpmClient::Send -- Unable to send message (not connected to UPM process).
[Package Manager] Cannot connect to Unity Package Manager local server
Mono: successfully reloaded assembly
- Finished resetting the current domain, in  5.976 seconds
Domain Reload Profiling: 8215ms
	BeginReloadAssembly (922ms)
		ExecutionOrderSort (0ms)
		DisableScriptedObjects (40ms)
		BackupInstance (0ms)
		ReleaseScriptingObjects (0ms)
		CreateAndSetChildDomain (138ms)
	RebuildCommonClasses (206ms)
	RebuildNativeTypeToScriptingClass (64ms)
	initialDomainReloadingComplete (178ms)
	LoadAllAssembliesAndSetupDomain (868ms)
		LoadAssemblies (1471ms)
		RebuildTransferFunctionScriptingTraits (0ms)
		AnalyzeDomain (30ms)
			TypeCache.Refresh (15ms)
				TypeCache.ScanAssembly (0ms)
			ScanForSourceGeneratedMonoScriptInfo (0ms)
			ResolveRequiredComponents (13ms)
	FinalizeReload (5978ms)
		ReleaseScriptCaches (0ms)
		RebuildScriptCaches (0ms)
		SetupLoadedEditorAssemblies (3059ms)
			LogAssemblyErrors (0ms)
			InitializePlatformSupportModulesInManaged (127ms)
			SetLoadedEditorAssemblies (17ms)
			RefreshPlugins (0ms)
			BeforeProcessingInitializeOnLoad (523ms)
			ProcessInitializeOnLoadAttributes (2242ms)
			ProcessInitializeOnLoadMethodAttributes (106ms)
			AfterProcessingInitializeOnLoad (43ms)
			EditorAssembliesLoaded (1ms)
		ExecutionOrderSort2 (0ms)
		AwakeInstancesAfterBackupRestoration (44ms)
Refreshing native plugins compatible for Editor in 46.23 ms, found 7 plugins.
Preloading 0 native plugins for Editor in 0.00 ms.
Unloading 4178 Unused Serialized files (Serialized files now loaded: 0)
Unloading 42 unused Assets / (38.3 KB). Loaded Objects now: 4675.
Memory consumption went from 151.1 MB to 151.1 MB.
Total: 8.213200 ms (FindLiveObjects: 0.568400 ms CreateObjectMapping: 0.319700 ms MarkObjects: 7.192200 ms  DeleteObjects: 0.130500 ms)

Prepare: number of updated asset objects reloaded= 0
AssetImportParameters requested are different than current active one (requested -> active):
  custom:container-demuxer-ogg: 62fdf1f143b41e24485cea50d1cbac27 -> 
  custom:video-decoder-ogg-theora: a1e56fd34408186e4bbccfd4996cb3dc -> 
  custom:framework-win-MediaFoundation: 216162199b28c13a410421893ffa2e32 -> 
  custom:CustomObjectIndexerAttribute: 756ad292c208cfabdd7b50bc23989ffe -> 
  custom:container-demuxer-webm: 4f35f7cbe854078d1ac9338744f61a02 -> 
  custom:container-muxer-webm: aa71ff27fc2769a1b78a27578f13a17b -> 
  custom:video-decoder-webm-vp8: 9c59270c3fd7afecdb556c50c9e8de78 -> 
  custom:SearchIndexIgnoredProperties: e643bd26f0fe6173181afceb89e7c659 -> 
  custom:AudioImporter_EditorPlatform: d09bf68614088b80899f8185d706f6e7 -> 
  custom:video-encoder-webm-vp8: eb34c28f22e8b96e1ab97ce403110664 -> 
  custom:audio-decoder-ogg-vorbis: bf7c407c2cedff20999df2af8eb42d56 -> 
  custom:audio-encoder-webm-vorbis: bf7c407c2cedff20999df2af8eb42d56 -> 
========================================================================
Received Import Request.
  Time since last request: 21375.153079 seconds.
  path: Assets/Images/Lose.jpg
  artifactKey: Guid(7dfd834a3cb1dea4a86de902d5ab6eb6) Importer(815301076,1909f56bfc062723c751e8b465ee728b)
Start importing Assets/Images/Lose.jpg using Guid(7dfd834a3cb1dea4a86de902d5ab6eb6) Importer(815301076,1909f56bfc062723c751e8b465ee728b)  -> (artifact id: '0cf94327e61560a416b27dd9bf3030b9') in 0.168016 seconds
Number of updated asset objects reloaded before import = 0
Number of asset objects unloaded after import = 3
========================================================================
Received Import Request.
  Time since last request: 0.000051 seconds.
  path: Assets/Images/Splash.jpg
  artifactKey: Guid(0f6b68ef83be4b44dbc39584b47cd99e) Importer(815301076,1909f56bfc062723c751e8b465ee728b)
Start importing Assets/Images/Splash.jpg using Guid(0f6b68ef83be4b44dbc39584b47cd99e) Importer(815301076,1909f56bfc062723c751e8b465ee728b)  -> (artifact id: '819a6bba85868b6fec11a04ae29eab82') in 0.039946 seconds
Number of updated asset objects reloaded before import = 0
Number of asset objects unloaded after import = 3
========================================================================
Received Import Request.
  Time since last request: 0.000049 seconds.
  path: Assets/Sprites/trophywhole.png
  artifactKey: Guid(cd84baeffa7baf6438c14dbf4c5ec78d) Importer(815301076,1909f56bfc062723c751e8b465ee728b)
Start importing Assets/Sprites/trophywhole.png using Guid(cd84baeffa7baf6438c14dbf4c5ec78d) Importer(815301076,1909f56bfc062723c751e8b465ee728b)  -> (artifact id: '707ca6d8ddf3196ff362eff0252ded12') in 0.029336 seconds
Number of updated asset objects reloaded before import = 0
Number of asset objects unloaded after import = 3
========================================================================
Received Import Request.
  Time since last request: 0.000072 seconds.
  path: Assets/Sprites/trophycut.png
  artifactKey: Guid(70f38aa5ab2ee0446bb24f54ea22376c) Importer(815301076,1909f56bfc062723c751e8b465ee728b)
Start importing Assets/Sprites/trophycut.png using Guid(70f38aa5ab2ee0446bb24f54ea22376c) Importer(815301076,1909f56bfc062723c751e8b465ee728b)  -> (artifact id: 'b6b3845bab2614c8ef7783f0fe41bb97') in 0.036776 seconds
Number of updated asset objects reloaded before import = 0
Number of asset objects unloaded after import = 4
========================================================================
Received Import Request.
  Time since last request: 0.000090 seconds.
  path: Assets/Images/Start.jpg
  artifactKey: Guid(13e111bf2dea61c4487cf83bef34c6e5) Importer(815301076,1909f56bfc062723c751e8b465ee728b)
Start importing Assets/Images/Start.jpg using Guid(13e111bf2dea61c4487cf83bef34c6e5) Importer(815301076,1909f56bfc062723c751e8b465ee728b)  -> (artifact id: 'fc26b00430f0d7cd061e748fc89b579f') in 0.033279 seconds
Number of updated asset objects reloaded before import = 0
Number of asset objects unloaded after import = 3
========================================================================
Received Import Request.
  Time since last request: 0.000099 seconds.
  path: Assets/Sprites/star.png
  artifactKey: Guid(6e93c824a6644e443861407ea6324261) Importer(815301076,1909f56bfc062723c751e8b465ee728b)
Start importing Assets/Sprites/star.png using Guid(6e93c824a6644e443861407ea6324261) Importer(815301076,1909f56bfc062723c751e8b465ee728b)  -> (artifact id: 'c701467e906516647b1944f7cf391e49') in 0.033362 seconds
Number of updated asset objects reloaded before import = 0
Number of asset objects unloaded after import = 3
========================================================================
Received Import Request.
  Time since last request: 13.455887 seconds.
  path: Assets/Audio/LevelComplete.mp3
  artifactKey: Guid(7dde6649a3d8be843ae098978f578575) Importer(815301076,1909f56bfc062723c751e8b465ee728b)
Start importing Assets/Audio/LevelComplete.mp3 using Guid(7dde6649a3d8be843ae098978f578575) Importer(815301076,1909f56bfc062723c751e8b465ee728b)  -> (artifact id: 'ead40d8341694de9f17369691a3af5fd') in 0.097287 seconds
Number of updated asset objects reloaded before import = 0
Number of asset objects unloaded after import = 2
========================================================================
Received Import Request.
  Time since last request: 0.000058 seconds.
  path: Assets/Audio/Load.mp3
  artifactKey: Guid(46f8ef4533d334a489dace52cf594ccb) Importer(815301076,1909f56bfc062723c751e8b465ee728b)
Start importing Assets/Audio/Load.mp3 using Guid(46f8ef4533d334a489dace52cf594ccb) Importer(815301076,1909f56bfc062723c751e8b465ee728b)  -> (artifact id: 'fc24f88454ac40f8800ffc7283755a83') in 0.020781 seconds
Number of updated asset objects reloaded before import = 0
Number of asset objects unloaded after import = 2
========================================================================
Received Import Request.
  Time since last request: 0.348486 seconds.
  path: Assets/Fonts/Cheese Burger SDF.asset
  artifactKey: Guid(f5b8cca009f16d34e973726a6ab44716) Importer(815301076,1909f56bfc062723c751e8b465ee728b)
Start importing Assets/Fonts/Cheese Burger SDF.asset using Guid(f5b8cca009f16d34e973726a6ab44716) Importer(815301076,1909f56bfc062723c751e8b465ee728b)  -> (artifact id: 'c4972b008e17d1bab3da9f56ad562461') in 0.154826 seconds
Number of updated asset objects reloaded before import = 0
Number of asset objects unloaded after import = 6
========================================================================
Received Import Request.
  Time since last request: 2.959283 seconds.
  path: Assets/Images/BGTreeL.png
  artifactKey: Guid(b20976b674e3c034a8ee52d647f10a6f) Importer(815301076,1909f56bfc062723c751e8b465ee728b)
Start importing Assets/Images/BGTreeL.png using Guid(b20976b674e3c034a8ee52d647f10a6f) Importer(815301076,1909f56bfc062723c751e8b465ee728b)  -> (artifact id: '031543758e049d7306ee178683636983') in 0.047209 seconds
Number of updated asset objects reloaded before import = 0
Number of asset objects unloaded after import = 3
========================================================================
Received Import Request.
  Time since last request: 0.000046 seconds.
  path: Assets/Images/BGTreeR.png
  artifactKey: Guid(ef25ccaf5d159094a862ded545a998cc) Importer(815301076,1909f56bfc062723c751e8b465ee728b)
Start importing Assets/Images/BGTreeR.png using Guid(ef25ccaf5d159094a862ded545a998cc) Importer(815301076,1909f56bfc062723c751e8b465ee728b)  -> (artifact id: '6866e16cb46a147e4100750a65940912') in 0.024944 seconds
Number of updated asset objects reloaded before import = 0
Number of asset objects unloaded after import = 3
