Using pre-set license
Built from '2022.3/china_unity/release' branch; Version is '2022.3.11f1c1 (0fc8cbb22359) revision 1034443'; Using compiler version '192829333'; Build Type 'Release'
OS: 'Windows 11  (10.0.22621) 64bit CoreCountrySpecific' Language: 'zh' Physical Memory: 16147 MB
BatchMode: 1, IsHumanControllingUs: 0, StartBugReporterOnCrash: 0, Is64bit: 1, IsPro: 1

COMMAND LINE ARGUMENTS:
D:\unity\2022.3.11f1c1\Editor\Unity.exe
-adb2
-batchMode
-noUpm
-name
AssetImportWorker0
-projectPath
D:/GitHub/ggg/Demo/unity-tower-defense
-logFile
Logs/AssetImportWorker0.log
-srvPort
51218
Successfully changed project path to: D:/GitHub/ggg/Demo/unity-tower-defense
D:/GitHub/ggg/Demo/unity-tower-defense
[UnityMemory] Configuration Parameters - Can be set up in boot.config
    "memorysetup-bucket-allocator-granularity=16"
    "memorysetup-bucket-allocator-bucket-count=8"
    "memorysetup-bucket-allocator-block-size=33554432"
    "memorysetup-bucket-allocator-block-count=8"
    "memorysetup-main-allocator-block-size=16777216"
    "memorysetup-thread-allocator-block-size=16777216"
    "memorysetup-gfx-main-allocator-block-size=16777216"
    "memorysetup-gfx-thread-allocator-block-size=16777216"
    "memorysetup-cache-allocator-block-size=4194304"
    "memorysetup-typetree-allocator-block-size=2097152"
    "memorysetup-profiler-bucket-allocator-granularity=16"
    "memorysetup-profiler-bucket-allocator-bucket-count=8"
    "memorysetup-profiler-bucket-allocator-block-size=33554432"
    "memorysetup-profiler-bucket-allocator-block-count=8"
    "memorysetup-profiler-allocator-block-size=16777216"
    "memorysetup-profiler-editor-allocator-block-size=1048576"
    "memorysetup-temp-allocator-size-main=16777216"
    "memorysetup-job-temp-allocator-block-size=2097152"
    "memorysetup-job-temp-allocator-block-size-background=1048576"
    "memorysetup-job-temp-allocator-reduction-small-platforms=262144"
    "memorysetup-allocator-temp-initial-block-size-main=262144"
    "memorysetup-allocator-temp-initial-block-size-worker=262144"
    "memorysetup-temp-allocator-size-background-worker=32768"
    "memorysetup-temp-allocator-size-job-worker=262144"
    "memorysetup-temp-allocator-size-preload-manager=33554432"
    "memorysetup-temp-allocator-size-nav-mesh-worker=65536"
    "memorysetup-temp-allocator-size-audio-worker=65536"
    "memorysetup-temp-allocator-size-cloud-worker=32768"
    "memorysetup-temp-allocator-size-gi-baking-worker=262144"
    "memorysetup-temp-allocator-size-gfx=262144"
Player connection [19640] Host "[IP] 172.16.208.92 [Port] 0 [Flags] 2 [Guid] 1315879714 [EditorId] 1315879714 [Version] 1048832 [Id] WindowsEditor(7,gcd) [Debug] 1 [PackageName] WindowsEditor [ProjectName] Editor" joined multi-casting on [225.0.0.222:54997]...

Player connection [19640] Host "[IP] 172.16.208.92 [Port] 0 [Flags] 2 [Guid] 1315879714 [EditorId] 1315879714 [Version] 1048832 [Id] WindowsEditor(7,gcd) [Debug] 1 [PackageName] WindowsEditor [ProjectName] Editor" joined alternative multi-casting on [225.0.0.222:34997]...

[Physics::Module] Initialized MultithreadedJobDispatcher with 7 workers.
Refreshing native plugins compatible for Editor in 109.03 ms, found 7 plugins.
Preloading 0 native plugins for Editor in 0.00 ms.
Initialize engine version: 2022.3.11f1c1 (0fc8cbb22359)
[Subsystems] Discovering subsystems at path D:/unity/2022.3.11f1c1/Editor/Data/Resources/UnitySubsystems
[Subsystems] Discovering subsystems at path D:/GitHub/ggg/Demo/unity-tower-defense/Assets
GfxDevice: creating device client; threaded=0; jobified=0
Direct3D:
    Version:  Direct3D 11.0 [level 11.1]
    Renderer: NVIDIA GeForce MX330 (ID=0x1d16)
    Vendor:   NVIDIA
    VRAM:     1982 MB
    Driver:   31.0.15.3209
Initialize mono
Mono path[0] = 'D:/unity/2022.3.11f1c1/Editor/Data/Managed'
Mono path[1] = 'D:/unity/2022.3.11f1c1/Editor/Data/MonoBleedingEdge/lib/mono/unityjit-win32'
Mono config path = 'D:/unity/2022.3.11f1c1/Editor/Data/MonoBleedingEdge/etc'
Using monoOptions --debugger-agent=transport=dt_socket,embedding=1,server=y,suspend=n,address=127.0.0.1:56156
Begin MonoManager ReloadAssembly
Registering precompiled unity dll's ...
Register platform support module: D:/unity/2022.3.11f1c1/Editor/Data/PlaybackEngines/WebGLSupport/UnityEditor.WebGL.Extensions.dll
Register platform support module: D:/unity/2022.3.11f1c1/Editor/Data/PlaybackEngines/AndroidPlayer/UnityEditor.Android.Extensions.dll
Register platform support module: D:/unity/2022.3.11f1c1/Editor/Data/PlaybackEngines/WindowsStandaloneSupport/UnityEditor.WindowsStandalone.Extensions.dll
Registered in 0.044680 seconds.
- Loaded All Assemblies, in  1.191 seconds
Native extension for WindowsStandalone target not found
Native extension for Android target not found
Android Extension - Scanning For ADB Devices 824 ms
Native extension for WebGL target not found
Mono: successfully reloaded assembly
- Finished resetting the current domain, in  1.874 seconds
Domain Reload Profiling: 3048ms
	BeginReloadAssembly (384ms)
		ExecutionOrderSort (0ms)
		DisableScriptedObjects (0ms)
		BackupInstance (0ms)
		ReleaseScriptingObjects (0ms)
		CreateAndSetChildDomain (3ms)
	RebuildCommonClasses (103ms)
	RebuildNativeTypeToScriptingClass (33ms)
	initialDomainReloadingComplete (217ms)
	LoadAllAssembliesAndSetupDomain (435ms)
		LoadAssemblies (370ms)
		RebuildTransferFunctionScriptingTraits (0ms)
		AnalyzeDomain (426ms)
			TypeCache.Refresh (422ms)
				TypeCache.ScanAssembly (383ms)
			ScanForSourceGeneratedMonoScriptInfo (1ms)
			ResolveRequiredComponents (2ms)
	FinalizeReload (1876ms)
		ReleaseScriptCaches (0ms)
		RebuildScriptCaches (0ms)
		SetupLoadedEditorAssemblies (1661ms)
			LogAssemblyErrors (0ms)
			InitializePlatformSupportModulesInManaged (1191ms)
			SetLoadedEditorAssemblies (15ms)
			RefreshPlugins (0ms)
			BeforeProcessingInitializeOnLoad (7ms)
			ProcessInitializeOnLoadAttributes (296ms)
			ProcessInitializeOnLoadMethodAttributes (152ms)
			AfterProcessingInitializeOnLoad (0ms)
			EditorAssembliesLoaded (0ms)
		ExecutionOrderSort2 (0ms)
		AwakeInstancesAfterBackupRestoration (0ms)
========================================================================
Worker process is ready to serve import requests
Begin MonoManager ReloadAssembly
- Loaded All Assemblies, in  2.587 seconds
Refreshing native plugins compatible for Editor in 46.45 ms, found 7 plugins.
Native extension for WindowsStandalone target not found
Native extension for Android target not found
Native extension for WebGL target not found
Package Manager log level set to [2]
[Package Manager] Server::EnsureServerProcessIsRunning -- launch failed, reason: Unity was launched with the -noUpm command-line argument
[Package Manager] UpmClient::Send -- Unable to send message (not connected to UPM process).
[Package Manager] Cannot connect to Unity Package Manager local server
Mono: successfully reloaded assembly
- Finished resetting the current domain, in  2.953 seconds
Domain Reload Profiling: 5503ms
	BeginReloadAssembly (597ms)
		ExecutionOrderSort (0ms)
		DisableScriptedObjects (19ms)
		BackupInstance (0ms)
		ReleaseScriptingObjects (0ms)
		CreateAndSetChildDomain (54ms)
	RebuildCommonClasses (139ms)
	RebuildNativeTypeToScriptingClass (44ms)
	initialDomainReloadingComplete (170ms)
	LoadAllAssembliesAndSetupDomain (1598ms)
		LoadAssemblies (1327ms)
		RebuildTransferFunctionScriptingTraits (0ms)
		AnalyzeDomain (682ms)
			TypeCache.Refresh (560ms)
				TypeCache.ScanAssembly (504ms)
			ScanForSourceGeneratedMonoScriptInfo (89ms)
			ResolveRequiredComponents (30ms)
	FinalizeReload (2954ms)
		ReleaseScriptCaches (0ms)
		RebuildScriptCaches (0ms)
		SetupLoadedEditorAssemblies (2389ms)
			LogAssemblyErrors (0ms)
			InitializePlatformSupportModulesInManaged (101ms)
			SetLoadedEditorAssemblies (17ms)
			RefreshPlugins (0ms)
			BeforeProcessingInitializeOnLoad (383ms)
			ProcessInitializeOnLoadAttributes (1709ms)
			ProcessInitializeOnLoadMethodAttributes (136ms)
			AfterProcessingInitializeOnLoad (42ms)
			EditorAssembliesLoaded (1ms)
		ExecutionOrderSort2 (0ms)
		AwakeInstancesAfterBackupRestoration (28ms)
Launched and connected shader compiler UnityShaderCompiler.exe after 0.16 seconds
Refreshing native plugins compatible for Editor in 45.06 ms, found 7 plugins.
Preloading 0 native plugins for Editor in 0.00 ms.
Unloading 4211 Unused Serialized files (Serialized files now loaded: 0)
Unloading 70 unused Assets / (64.6 KB). Loaded Objects now: 4669.
Memory consumption went from 157.7 MB to 157.6 MB.
Total: 9.084500 ms (FindLiveObjects: 0.541200 ms CreateObjectMapping: 0.447900 ms MarkObjects: 7.825000 ms  DeleteObjects: 0.267500 ms)

AssetImportParameters requested are different than current active one (requested -> active):
  custom:container-demuxer-ogg: 62fdf1f143b41e24485cea50d1cbac27 -> 
  custom:video-decoder-ogg-theora: a1e56fd34408186e4bbccfd4996cb3dc -> 
  custom:framework-win-MediaFoundation: 216162199b28c13a410421893ffa2e32 -> 
  custom:container-demuxer-webm: 4f35f7cbe854078d1ac9338744f61a02 -> 
  custom:container-muxer-webm: aa71ff27fc2769a1b78a27578f13a17b -> 
  custom:video-decoder-webm-vp8: 9c59270c3fd7afecdb556c50c9e8de78 -> 
  custom:AudioImporter_EditorPlatform: d09bf68614088b80899f8185d706f6e7 -> 
  custom:video-encoder-webm-vp8: eb34c28f22e8b96e1ab97ce403110664 -> 
  custom:audio-decoder-ogg-vorbis: bf7c407c2cedff20999df2af8eb42d56 -> 
  custom:audio-encoder-webm-vorbis: bf7c407c2cedff20999df2af8eb42d56 -> 
========================================================================
Received Import Request.
  Time since last request: 20989.887012 seconds.
  path: Assets/LoadScene.prefab
  artifactKey: Guid(0ca248e4f2595c643a7588f87fd8f7e8) Importer(815301076,1909f56bfc062723c751e8b465ee728b)
Start importing Assets/LoadScene.prefab using Guid(0ca248e4f2595c643a7588f87fd8f7e8) Importer(815301076,1909f56bfc062723c751e8b465ee728b)  -> (artifact id: 'b66bfdfd4d0a615367dfcec54ed2cd14') in 0.083229 seconds
Number of updated asset objects reloaded before import = 0
Number of asset objects unloaded after import = 5
========================================================================
Received Import Request.
  Time since last request: 0.000063 seconds.
  path: Assets/CoreGameArea.prefab
  artifactKey: Guid(89f9f1133e19dba4c9c7f0ed4288770d) Importer(815301076,1909f56bfc062723c751e8b465ee728b)
Start importing Assets/CoreGameArea.prefab using Guid(89f9f1133e19dba4c9c7f0ed4288770d) Importer(815301076,1909f56bfc062723c751e8b465ee728b)  -> (artifact id: '61d4438b97d731f421ba0c3df7fb79a1') in 0.263611 seconds
Number of updated asset objects reloaded before import = 0
Number of asset objects unloaded after import = 11
========================================================================
Received Import Request.
  Time since last request: 0.000051 seconds.
  path: Assets/Lizard.prefab
  artifactKey: Guid(dc63357f1684def48b297b7fd4d9fe01) Importer(815301076,1909f56bfc062723c751e8b465ee728b)
Start importing Assets/Lizard.prefab using Guid(dc63357f1684def48b297b7fd4d9fe01) Importer(815301076,1909f56bfc062723c751e8b465ee728b)  -> (artifact id: '3e28f8fef6ab9eb17501feea9ae93971') in 0.239840 seconds
Number of updated asset objects reloaded before import = 0
Number of asset objects unloaded after import = 164
========================================================================
Received Import Request.
  Time since last request: 0.000091 seconds.
  path: Assets/Thombstone.prefab
  artifactKey: Guid(253eea0d6c1a453459c28769d1b48a0b) Importer(815301076,1909f56bfc062723c751e8b465ee728b)
Start importing Assets/Thombstone.prefab using Guid(253eea0d6c1a453459c28769d1b48a0b) Importer(815301076,1909f56bfc062723c751e8b465ee728b)  -> (artifact id: '4a7c7729b6b59eb5750da65636394431') in 0.056611 seconds
Number of updated asset objects reloaded before import = 0
Number of asset objects unloaded after import = 18
========================================================================
Received Import Request.
  Time since last request: 0.000039 seconds.
  path: Assets/LevelLossCanvas.prefab
  artifactKey: Guid(38e99fc77b129624d8c2b3f134db2707) Importer(815301076,1909f56bfc062723c751e8b465ee728b)
Start importing Assets/LevelLossCanvas.prefab using Guid(38e99fc77b129624d8c2b3f134db2707) Importer(815301076,1909f56bfc062723c751e8b465ee728b)  -> (artifact id: '875c8e98090e5b7a43477293021d5011') in 0.088538 seconds
Number of updated asset objects reloaded before import = 0
Number of asset objects unloaded after import = 21
========================================================================
Received Import Request.
  Time since last request: 0.000030 seconds.
  path: Assets/GameSession.prefab
  artifactKey: Guid(cc2a405eaeec86e408e5c5798862b9eb) Importer(815301076,1909f56bfc062723c751e8b465ee728b)
Start importing Assets/GameSession.prefab using Guid(cc2a405eaeec86e408e5c5798862b9eb) Importer(815301076,1909f56bfc062723c751e8b465ee728b)  -> (artifact id: '39b6ab003ee65310eba4db9f7d65cc86') in 0.026207 seconds
Number of updated asset objects reloaded before import = 0
Number of asset objects unloaded after import = 26
========================================================================
Received Import Request.
  Time since last request: 0.000036 seconds.
  path: Assets/Zucchini.prefab
  artifactKey: Guid(9cab7d7b01a397e4383e82acd281c0a4) Importer(815301076,1909f56bfc062723c751e8b465ee728b)
Start importing Assets/Zucchini.prefab using Guid(9cab7d7b01a397e4383e82acd281c0a4) Importer(815301076,1909f56bfc062723c751e8b465ee728b)  -> (artifact id: 'fbd7acc3b7f6587a8fc81f17265c8fb1') in 0.035022 seconds
Number of updated asset objects reloaded before import = 0
Number of asset objects unloaded after import = 11
========================================================================
Received Import Request.
  Time since last request: 0.000036 seconds.
  path: Assets/OptionsController.prefab
  artifactKey: Guid(76650db471de2e94d9d4da7f36d98312) Importer(815301076,1909f56bfc062723c751e8b465ee728b)
Start importing Assets/OptionsController.prefab using Guid(76650db471de2e94d9d4da7f36d98312) Importer(815301076,1909f56bfc062723c751e8b465ee728b)  -> (artifact id: 'd803a1af931d13e061ba275d98f99bcd') in 0.006239 seconds
Number of updated asset objects reloaded before import = 0
Number of asset objects unloaded after import = 5
========================================================================
Received Import Request.
  Time since last request: 0.000054 seconds.
  path: Assets/Fox.prefab
  artifactKey: Guid(77fca6e9a360e4b4599fff4a22eaad25) Importer(815301076,1909f56bfc062723c751e8b465ee728b)
Start importing Assets/Fox.prefab using Guid(77fca6e9a360e4b4599fff4a22eaad25) Importer(815301076,1909f56bfc062723c751e8b465ee728b)  -> (artifact id: '111ca7f0b97beed3a87ae1304dbfefcc') in 0.068549 seconds
Number of updated asset objects reloaded before import = 0
Number of asset objects unloaded after import = 95
========================================================================
Received Import Request.
  Time since last request: 0.000044 seconds.
  path: Assets/Spawner.prefab
  artifactKey: Guid(df1770a6e0b7d3846bfd904ef978c6a5) Importer(815301076,1909f56bfc062723c751e8b465ee728b)
Start importing Assets/Spawner.prefab using Guid(df1770a6e0b7d3846bfd904ef978c6a5) Importer(815301076,1909f56bfc062723c751e8b465ee728b)  -> (artifact id: '22ec2690c6fc0a20d372aa10d924ae09') in 0.022427 seconds
Number of updated asset objects reloaded before import = 0
Number of asset objects unloaded after import = 38
========================================================================
Received Import Request.
  Time since last request: 0.000044 seconds.
  path: Assets/Canvas.prefab
  artifactKey: Guid(422b1c8296f8f7d4a900acbb93229aa2) Importer(815301076,1909f56bfc062723c751e8b465ee728b)
Start importing Assets/Canvas.prefab using Guid(422b1c8296f8f7d4a900acbb93229aa2) Importer(815301076,1909f56bfc062723c751e8b465ee728b)  -> (artifact id: 'd1e953e47d0b486cd214b111fe416713') in 0.130771 seconds
Number of updated asset objects reloaded before import = 0
Number of asset objects unloaded after import = 281
========================================================================
Received Import Request.
  Time since last request: 0.000058 seconds.
  path: Assets/Gnome.prefab
  artifactKey: Guid(76aaa4762af95f44cac269ebfd8216c3) Importer(815301076,1909f56bfc062723c751e8b465ee728b)
Start importing Assets/Gnome.prefab using Guid(76aaa4762af95f44cac269ebfd8216c3) Importer(815301076,1909f56bfc062723c751e8b465ee728b)  -> (artifact id: 'f81105cec34d90edaa402a58bc82b3a8') in 0.056376 seconds
Number of updated asset objects reloaded before import = 0
Number of asset objects unloaded after import = 57
========================================================================
Received Import Request.
  Time since last request: 0.000075 seconds.
  path: Assets/LevelCompleteCanvas.prefab
  artifactKey: Guid(100f0bfa785f6cd45908bdb7a0aadbe8) Importer(815301076,1909f56bfc062723c751e8b465ee728b)
Start importing Assets/LevelCompleteCanvas.prefab using Guid(100f0bfa785f6cd45908bdb7a0aadbe8) Importer(815301076,1909f56bfc062723c751e8b465ee728b)  -> (artifact id: '5e2b2c626cf403833d8bc00625f74803') in 0.024233 seconds
Number of updated asset objects reloaded before import = 0
Number of asset objects unloaded after import = 21
